info: POST /register - 200 - 4ms - no token --  Mon Apr 01 2024 16:21:56 GMT+0530 (India Standard Time)
info: POST /book/add - 401 - 2ms - no token --  Mon Apr 01 2024 16:28:06 GMT+0530 (India Standard Time)
info: GET /book/getAllBookUserData - 401 - 19ms - no token --  Tue May 21 2024 10:26:55 GMT+0530 (India Standard Time)
info: GET /book/getAllBookUserData - 401 - 3ms - no token --  Tue May 21 2024 10:27:14 GMT+0530 (India Standard Time)
info: GET /book/getAllBookUserData - 401 - 24ms - no token --  Wed May 22 2024 10:48:38 GMT+0530 (India Standard Time)
info: GET /register - 404 - 26ms - no token --  Wed May 22 2024 10:48:56 GMT+0530 (India Standard Time)
info: POST /register - 200 - 60ms - no token --  Wed May 22 2024 10:49:00 GMT+0530 (India Standard Time)
info: POST /register - 200 - 2ms - no token --  Wed May 22 2024 10:49:22 GMT+0530 (India Standard Time)
info: POST /register - 200 - 6ms - no token --  Wed May 22 2024 10:49:38 GMT+0530 (India Standard Time)
info: POST /register - 200 - 4ms - no token --  Wed May 22 2024 10:49:53 GMT+0530 (India Standard Time)
info: POST /register - 200 - 246ms - no token --  Wed May 22 2024 10:50:10 GMT+0530 (India Standard Time)
info: POST /register - 200 - 5ms - no token --  Wed May 22 2024 10:53:18 GMT+0530 (India Standard Time)
info: POST /register - 200 - 1ms - no token --  Wed May 22 2024 10:53:34 GMT+0530 (India Standard Time)
info: POST /register - 200 - 16285ms - no token --  Wed May 22 2024 10:53:44 GMT+0530 (India Standard Time)
info: POST /register - 200 - 87ms - no token --  Wed May 22 2024 10:54:42 GMT+0530 (India Standard Time)
info: POST /login - 200 - 104ms - no token --  Wed May 22 2024 10:57:47 GMT+0530 (India Standard Time)
info: GET /book/getAllBookUserData - 401 - 1ms - no token --  Wed May 22 2024 10:58:21 GMT+0530 (India Standard Time)
info: GET /book/getAllBookUserData - 200 - 69ms - hitted by - rohit - Wed May 22 2024 10:58:29 GMT+0530 (India Standard Time)
info: GET /book/getAllBookUserData - 200 - 31ms - hitted by - rohit - Wed May 22 2024 11:02:19 GMT+0530 (India Standard Time)
info: GET /book/getAllBookUserData - 200 - 19ms - hitted by - rohit - Wed May 22 2024 11:02:46 GMT+0530 (India Standard Time)
info: GET /book/getAllBookUserData - 200 - 12ms - hitted by - rohit - Wed May 22 2024 11:03:42 GMT+0530 (India Standard Time)
info: GET /book/getAllBookUserData - 200 - 13ms - hitted by - rohit - Wed May 22 2024 11:06:24 GMT+0530 (India Standard Time)
info: GET /book/add - 404 - 4ms - hitted by - rohit - Wed May 22 2024 11:06:44 GMT+0530 (India Standard Time)
info: POST /book/add - 200 - 5ms - hitted by - rohit - Wed May 22 2024 11:06:48 GMT+0530 (India Standard Time)
info: POST /book/add - 200 - 3ms - hitted by - rohit - Wed May 22 2024 11:09:02 GMT+0530 (India Standard Time)
info: POST /book/add - 200 - 2ms - hitted by - rohit - Wed May 22 2024 11:09:15 GMT+0530 (India Standard Time)
info: POST /book/add - 200 - 2ms - hitted by - rohit - Wed May 22 2024 11:09:30 GMT+0530 (India Standard Time)
info: POST /book/add - 200 - 31ms - hitted by - rohit - Wed May 22 2024 11:09:52 GMT+0530 (India Standard Time)
info: POST /book/add - 200 - 9ms - hitted by - rohit - Wed May 22 2024 11:10:08 GMT+0530 (India Standard Time)
info: POST /book/add - 200 - 43ms - hitted by - rohit - Wed May 22 2024 11:10:56 GMT+0530 (India Standard Time)
info: POST /book/add - 200 - 11ms - hitted by - rohit - Wed May 22 2024 11:11:44 GMT+0530 (India Standard Time)
info: POST /book/add - 200 - 5ms - hitted by - rohit - Wed May 22 2024 11:13:15 GMT+0530 (India Standard Time)
info: POST /book/add - 200 - 8ms - hitted by - rohit - Wed May 22 2024 11:13:41 GMT+0530 (India Standard Time)
info: POST /book/add - 200 - 8ms - hitted by - rohit - Wed May 22 2024 11:13:48 GMT+0530 (India Standard Time)
info: POST /book/add - 200 - 7ms - hitted by - rohit - Wed May 22 2024 11:13:50 GMT+0530 (India Standard Time)
info: POST /book/add - 200 - 7ms - hitted by - rohit - Wed May 22 2024 11:14:32 GMT+0530 (India Standard Time)
info: POST /book/add - 200 - 8ms - hitted by - rohit - Wed May 22 2024 11:14:39 GMT+0530 (India Standard Time)
info: POST /book/add - 200 - 3ms - hitted by - rohit - Wed May 22 2024 11:14:46 GMT+0530 (India Standard Time)
info: POST /book/add - 200 - 5ms - hitted by - rohit - Wed May 22 2024 11:15:19 GMT+0530 (India Standard Time)
info: POST /book/add - 200 - 3ms - hitted by - rohit - Wed May 22 2024 11:15:21 GMT+0530 (India Standard Time)
info: POST /comment/add - 200 - 29ms - hitted by - undefined - Wed May 22 2024 11:16:46 GMT+0530 (India Standard Time)
info: POST /comment/add - 200 - 6ms - hitted by - undefined - Wed May 22 2024 11:16:52 GMT+0530 (India Standard Time)
info: POST /comment/add - 200 - 5ms - hitted by - undefined - Wed May 22 2024 11:16:56 GMT+0530 (India Standard Time)
info: POST /comment/add - 200 - 35ms - hitted by - undefined - Wed May 22 2024 11:17:33 GMT+0530 (India Standard Time)
info: POST /comment/add - 200 - 5ms - hitted by - undefined - Wed May 22 2024 11:17:34 GMT+0530 (India Standard Time)
info: POST /comment/add - 200 - 5ms - hitted by - undefined - Wed May 22 2024 11:17:35 GMT+0530 (India Standard Time)
info: POST /comment/add - 200 - 9ms - hitted by - undefined - Wed May 22 2024 11:17:36 GMT+0530 (India Standard Time)
info: POST /comment/add - 200 - 3ms - hitted by - undefined - Wed May 22 2024 11:17:37 GMT+0530 (India Standard Time)
info: POST /comment/add - 200 - 4ms - hitted by - undefined - Wed May 22 2024 11:17:38 GMT+0530 (India Standard Time)
info: POST /comment/add - 200 - 5ms - hitted by - undefined - Wed May 22 2024 11:17:38 GMT+0530 (India Standard Time)
info: POST /comment/add - 401 - 2ms - no token --  Wed May 22 2024 11:18:32 GMT+0530 (India Standard Time)
info: POST /comment/add - 200 - 5ms - hitted by - undefined - Wed May 22 2024 11:18:42 GMT+0530 (India Standard Time)
info: POST /comment/add - 200 - 6ms - hitted by - undefined - Wed May 22 2024 11:18:45 GMT+0530 (India Standard Time)
info: POST /comment/add - 200 - 7ms - hitted by - undefined - Wed May 22 2024 11:21:56 GMT+0530 (India Standard Time)
info: POST /comment/add - 200 - 28ms - hitted by - undefined - Wed May 22 2024 11:22:55 GMT+0530 (India Standard Time)
info: GET /book/getAllBookUserData - 200 - 30ms - hitted by - rohit - Wed May 22 2024 11:48:01 GMT+0530 (India Standard Time)
info: GET /book/getAllBookUserData - 200 - 21ms - hitted by - rohit - Wed May 22 2024 11:48:12 GMT+0530 (India Standard Time)
info: GET /book/getAllBookUserData - 200 - 17ms - hitted by - rohit - Wed May 22 2024 11:48:30 GMT+0530 (India Standard Time)
info: GET /book/getAllBookUserData - 200 - 23ms - hitted by - rohit - Wed May 22 2024 11:48:51 GMT+0530 (India Standard Time)
info: GET /book/getAllBookUserData - 200 - 8ms - hitted by - rohit - Wed May 22 2024 11:49:04 GMT+0530 (India Standard Time)
info: GET /book/getAllCommentsByBookId - 404 - 7ms - hitted by - rohit - Wed May 22 2024 11:49:37 GMT+0530 (India Standard Time)
info: POST /book/getAllCommentsByBookId - 200 - 15ms - hitted by - rohit - Wed May 22 2024 11:49:42 GMT+0530 (India Standard Time)
info: POST /book/getAllCommentsByBookId - 200 - 7ms - hitted by - rohit - Wed May 22 2024 11:50:30 GMT+0530 (India Standard Time)
info: POST /book/getAllCommentsByBookId - 200 - 6ms - hitted by - rohit - Wed May 22 2024 11:51:35 GMT+0530 (India Standard Time)
info: POST /book/getAllCommentsByBookId - 200 - 8ms - hitted by - rohit - Wed May 22 2024 11:57:59 GMT+0530 (India Standard Time)
info: POST /book/getAllCommentsByBookId - 200 - 21ms - hitted by - rohit - Wed May 22 2024 12:00:14 GMT+0530 (India Standard Time)
info: POST /book/getAllCommentsByBookId - 200 - 17ms - hitted by - rohit - Wed May 22 2024 12:00:50 GMT+0530 (India Standard Time)
info: POST /book/getAllCommentsByBookId - 200 - 24ms - hitted by - rohit - Wed May 22 2024 12:04:06 GMT+0530 (India Standard Time)
info: POST /book/getAllCommentsByBookId - 200 - 8ms - hitted by - rohit - Wed May 22 2024 12:06:38 GMT+0530 (India Standard Time)
info: POST /book/getAllCommentsByBookId - 200 - 20ms - hitted by - rohit - Thu May 23 2024 11:38:57 GMT+0530 (India Standard Time)
info: POST /book/getAllCommentsByBookId - 200 - 75ms - hitted by - rohit - Thu May 23 2024 14:17:26 GMT+0530 (India Standard Time)
info: POST /book/getAllCommentsByBookId - 200 - 10ms - hitted by - rohit - Thu May 23 2024 14:17:57 GMT+0530 (India Standard Time)
info: POST /login - 200 - 409ms - no token --  Thu May 23 2024 14:18:05 GMT+0530 (India Standard Time)
info: POST /book/getAllCommentsByBookId - 200 - 4ms - hitted by - rohit - Thu May 23 2024 14:18:42 GMT+0530 (India Standard Time)
info: POST /book/getAllCommentsByBookId - 200 - 134ms - hitted by - rohit - Thu May 23 2024 14:20:44 GMT+0530 (India Standard Time)
info: POST /book/getAllCommentsByBookId - 200 - 48ms - hitted by - rohit - Thu May 23 2024 16:23:34 GMT+0530 (India Standard Time)
info: POST /book/getAllCommentsByBookId - 200 - 4ms - hitted by - rohit - Thu May 23 2024 16:26:23 GMT+0530 (India Standard Time)
info: POST /login - 200 - 30ms - no token --  Fri Aug 02 2024 14:57:40 GMT+0530 (India Standard Time)
info: GET /user/me - 404 - 21ms - no token --  Fri Aug 02 2024 16:06:32 GMT+0530 (India Standard Time)
info: GET /me - 200 - 5ms - no token --  Fri Aug 02 2024 16:06:49 GMT+0530 (India Standard Time)
info: GET /me - 200 - 2ms - no token --  Fri Aug 02 2024 16:08:48 GMT+0530 (India Standard Time)
info: POST /login - 200 - 34ms - no token --  Fri Aug 02 2024 16:10:06 GMT+0530 (India Standard Time)
info: POST /login - 200 - 16ms - no token --  Fri Aug 02 2024 16:11:28 GMT+0530 (India Standard Time)
info: POST /login - 200 - 5ms - no token --  Fri Aug 02 2024 16:12:56 GMT+0530 (India Standard Time)
info: POST /login - 200 - 1321550ms - no token --  Fri Aug 02 2024 16:13:16 GMT+0530 (India Standard Time)
info: POST //login - 404 - 13ms - no token --  Fri Aug 02 2024 16:58:25 GMT+0530 (India Standard Time)
info: POST /me - 404 - 14ms - no token --  Sun Aug 04 2024 12:51:18 GMT+0530 (India Standard Time)
info: GET /me - 200 - 10ms - no token --  Sun Aug 04 2024 12:51:22 GMT+0530 (India Standard Time)
info: GET /me' - 404 - 16ms - no token --  Sun Aug 04 2024 13:04:09 GMT+0530 (India Standard Time)
info: GET /me - 200 - 15ms - no token --  Sun Aug 04 2024 13:04:14 GMT+0530 (India Standard Time)
info: GET /me - 200 - 13ms - no token --  Sun Aug 04 2024 13:09:07 GMT+0530 (India Standard Time)
info: POST /login - 200 - 124ms - no token --  Sun Aug 04 2024 13:14:13 GMT+0530 (India Standard Time)
info: POST /login - 200 - 8ms - no token --  Sun Aug 04 2024 13:17:32 GMT+0530 (India Standard Time)
info: POST /login - 200 - 14ms - no token --  Sun Aug 04 2024 13:17:57 GMT+0530 (India Standard Time)
info: POST /login - 200 - 11ms - no token --  Sun Aug 04 2024 13:18:42 GMT+0530 (India Standard Time)
info: POST /login - 200 - 64ms - no token --  Sun Aug 04 2024 13:20:29 GMT+0530 (India Standard Time)
info: POST /login - 200 - 55ms - no token --  Sun Aug 04 2024 13:21:04 GMT+0530 (India Standard Time)
info: POST /login - 200 - 44ms - no token --  Sun Aug 04 2024 13:21:47 GMT+0530 (India Standard Time)
info: POST /login - 200 - 62ms - no token --  Sun Aug 04 2024 13:22:13 GMT+0530 (India Standard Time)
info: POST /login - 200 - 18ms - no token --  Sun Aug 04 2024 13:23:23 GMT+0530 (India Standard Time)
info: POST /login - 200 - 5ms - no token --  Sun Aug 04 2024 13:26:45 GMT+0530 (India Standard Time)
info: POST /login - 200 - 5ms - no token --  Sun Aug 04 2024 13:27:07 GMT+0530 (India Standard Time)
info: POST /login - 200 - 3ms - no token --  Sun Aug 04 2024 13:27:09 GMT+0530 (India Standard Time)
info: POST /login - 200 - 3ms - no token --  Sun Aug 04 2024 13:27:09 GMT+0530 (India Standard Time)
info: POST /login - 200 - 6ms - no token --  Sun Aug 04 2024 13:27:14 GMT+0530 (India Standard Time)
info: GET /login - 404 - 6ms - no token --  Sun Aug 04 2024 13:29:59 GMT+0530 (India Standard Time)
info: POST /login - 200 - 232ms - no token --  Sun Aug 04 2024 13:30:04 GMT+0530 (India Standard Time)
info: POST /login - 200 - 5ms - no token --  Sun Aug 04 2024 13:31:01 GMT+0530 (India Standard Time)
info: POST /login - 200 - 10ms - no token --  Sun Aug 04 2024 13:31:49 GMT+0530 (India Standard Time)
info: POST /login - 200 - 281ms - no token --  Sun Aug 04 2024 13:32:37 GMT+0530 (India Standard Time)
info: POST /login - 200 - 4ms - no token --  Sun Aug 04 2024 13:33:00 GMT+0530 (India Standard Time)
info: POST /login - 200 - 217ms - no token --  Sun Aug 04 2024 13:33:07 GMT+0530 (India Standard Time)
info: POST /login - 200 - 143ms - no token --  Sun Aug 04 2024 13:34:39 GMT+0530 (India Standard Time)
info: POST /login - 200 - 179ms - no token --  Sun Aug 04 2024 13:34:42 GMT+0530 (India Standard Time)
info: POST /login - 200 - 2ms - no token --  Sun Aug 04 2024 13:38:06 GMT+0530 (India Standard Time)
info: POST /login - 200 - 4ms - no token --  Sun Aug 04 2024 13:38:33 GMT+0530 (India Standard Time)
info: POST /login - 200 - 10ms - no token --  Sun Aug 04 2024 13:41:05 GMT+0530 (India Standard Time)
info: POST /login - 200 - 184ms - no token --  Sun Aug 04 2024 13:42:44 GMT+0530 (India Standard Time)
info: POST /login - 200 - 165ms - no token --  Sun Aug 04 2024 13:44:39 GMT+0530 (India Standard Time)
info: POST /login - 200 - 149ms - no token --  Sun Aug 04 2024 13:45:16 GMT+0530 (India Standard Time)
info: POST /login - 200 - 161ms - no token --  Sun Aug 04 2024 13:47:32 GMT+0530 (India Standard Time)
info: POST /login - 200 - 251ms - no token --  Sun Aug 04 2024 13:49:04 GMT+0530 (India Standard Time)
info: POST /login - 200 - 148ms - no token --  Sun Aug 04 2024 13:49:54 GMT+0530 (India Standard Time)
info: POST /login - 200 - 166ms - no token --  Sun Aug 04 2024 13:50:00 GMT+0530 (India Standard Time)
info: POST /login - 200 - 129ms - no token --  Sun Aug 04 2024 13:50:24 GMT+0530 (India Standard Time)
info: POST /login - 200 - 243ms - no token --  Sun Aug 04 2024 13:51:20 GMT+0530 (India Standard Time)
info: POST /login - 200 - 203ms - no token --  Sun Aug 04 2024 13:52:24 GMT+0530 (India Standard Time)
info: POST /login - 200 - 112ms - no token --  Sun Aug 04 2024 13:52:51 GMT+0530 (India Standard Time)
info: POST /login - 200 - 113ms - no token --  Sun Aug 04 2024 13:52:59 GMT+0530 (India Standard Time)
info: POST /login - 200 - 172ms - no token --  Sun Aug 04 2024 22:08:46 GMT+0530 (India Standard Time)
info: POST /login - 200 - 215ms - no token --  Sun Aug 04 2024 22:12:42 GMT+0530 (India Standard Time)
info: POST /login - 200 - 148ms - no token --  Sun Aug 04 2024 22:12:45 GMT+0530 (India Standard Time)
info: POST /login - 200 - 164ms - no token --  Sun Aug 04 2024 22:12:52 GMT+0530 (India Standard Time)
info: POST /login - 200 - 254ms - no token --  Sun Aug 04 2024 22:15:31 GMT+0530 (India Standard Time)
info: POST /login - 200 - 151ms - no token --  Sun Aug 04 2024 22:15:38 GMT+0530 (India Standard Time)
info: POST /login - 200 - 240ms - no token --  Sun Aug 04 2024 22:16:54 GMT+0530 (India Standard Time)
info: POST /login - 200 - 97ms - no token --  Sun Aug 04 2024 22:23:37 GMT+0530 (India Standard Time)
info: POST /login - 200 - 108ms - no token --  Sun Aug 04 2024 22:23:44 GMT+0530 (India Standard Time)
info: POST /login - 200 - 89ms - no token --  Sun Aug 04 2024 22:24:06 GMT+0530 (India Standard Time)
info: POST /login - 200 - 127ms - no token --  Sun Aug 04 2024 22:24:12 GMT+0530 (India Standard Time)
info: POST /login - 200 - 70ms - no token --  Sun Aug 04 2024 22:25:50 GMT+0530 (India Standard Time)
info: POST /login - 200 - 85ms - no token --  Sun Aug 04 2024 22:25:56 GMT+0530 (India Standard Time)
info: POST /login - 200 - 280ms - no token --  Mon Aug 05 2024 11:00:53 GMT+0530 (India Standard Time)
info: POST /login - 200 - 151ms - no token --  Mon Aug 05 2024 11:00:58 GMT+0530 (India Standard Time)
info: POST /login - 200 - 188ms - no token --  Mon Aug 05 2024 11:12:27 GMT+0530 (India Standard Time)
info: POST /login - 200 - 133ms - no token --  Mon Aug 05 2024 11:12:41 GMT+0530 (India Standard Time)
info: POST /login - 200 - 160ms - no token --  Mon Aug 05 2024 11:13:37 GMT+0530 (India Standard Time)
info: POST /login - 200 - 338ms - no token --  Mon Aug 05 2024 11:27:35 GMT+0530 (India Standard Time)
info: POST /login - 200 - 205ms - no token --  Mon Aug 05 2024 11:32:24 GMT+0530 (India Standard Time)
info: POST /login - 200 - 154ms - no token --  Mon Aug 05 2024 11:32:30 GMT+0530 (India Standard Time)
info: POST /login - 200 - 160ms - no token --  Mon Aug 05 2024 11:34:00 GMT+0530 (India Standard Time)
info: POST /login - 200 - 159ms - no token --  Mon Aug 05 2024 11:35:41 GMT+0530 (India Standard Time)
info: POST /login - 200 - 116ms - no token --  Mon Aug 05 2024 11:37:47 GMT+0530 (India Standard Time)
info: POST /login - 200 - 175ms - no token --  Mon Aug 05 2024 11:40:40 GMT+0530 (India Standard Time)
info: POST /login - 200 - 162ms - no token --  Mon Aug 05 2024 11:40:44 GMT+0530 (India Standard Time)
info: POST /login - 200 - 167ms - no token --  Mon Aug 05 2024 11:41:57 GMT+0530 (India Standard Time)
info: POST /login - 200 - 190ms - no token --  Mon Aug 05 2024 11:42:06 GMT+0530 (India Standard Time)
info: POST /login - 200 - 164ms - no token --  Mon Aug 05 2024 11:43:12 GMT+0530 (India Standard Time)
info: POST /login - 200 - 170ms - no token --  Mon Aug 05 2024 11:43:17 GMT+0530 (India Standard Time)
info: POST /login - 200 - 97ms - no token --  Tue Aug 06 2024 11:54:30 GMT+0530 (India Standard Time)
info: POST /login - 200 - 220ms - no token --  Tue Aug 06 2024 11:54:39 GMT+0530 (India Standard Time)
info: POST /expense/insert - 200 - 21ms - no token --  Tue Aug 06 2024 12:16:23 GMT+0530 (India Standard Time)
info: POST /expense/insert - 200 - 50ms - no token --  Tue Aug 06 2024 12:19:02 GMT+0530 (India Standard Time)
info: POST /expense/insert - 200 - 42ms - no token --  Tue Aug 06 2024 12:20:19 GMT+0530 (India Standard Time)
info: POST /expense/insert - 200 - 43ms - no token --  Tue Aug 06 2024 12:20:46 GMT+0530 (India Standard Time)
info: POST /expense/insert - 200 - 66ms - no token --  Tue Aug 06 2024 12:21:39 GMT+0530 (India Standard Time)
info: POST /login - 200 - 321ms - no token --  Tue Aug 06 2024 12:31:30 GMT+0530 (India Standard Time)
info: POST /login - 200 - 200ms - no token --  Tue Aug 06 2024 12:35:11 GMT+0530 (India Standard Time)
info: POST /expense/insert - 200 - 50ms - no token --  Tue Aug 06 2024 12:35:31 GMT+0530 (India Standard Time)
